<?xml version="1.0" encoding="UTF-8"?>
<!-- Generated by org.testng.reporters.JUnitXMLReporter -->
<testsuite ignored="0" hostname="192-168-1-102.tpgi.com.au" failures="0" tests="5" name="Default test" time="0.201" errors="0" timestamp="2022-07-07T13:18:37 AEST">
  <testcase classname="Divipay.Test.login" name="@BeforeTest setUp" time="0.012">
    <failure type="java.io.FileNotFoundException" message="/Users/sushmitha/eclipse-workspace/Test/src/main/java/resources/data.properties (No such file or directory)">
      <![CDATA[java.io.FileNotFoundException: /Users/sushmitha/eclipse-workspace/Test/src/main/java/resources/data.properties (No such file or directory)
at java.base/java.io.FileInputStream.open0(Native Method)
at java.base/java.io.FileInputStream.open(FileInputStream.java:219)
at java.base/java.io.FileInputStream.<init>(FileInputStream.java:157)
at java.base/java.io.FileInputStream.<init>(FileInputStream.java:112)
at resources.base.initializeDriver(base.java:17)
at Divipay.Test.login.setUp(login.java:28)
at java.base/jdk.internal.reflect.NativeMethodAccessorImpl.invoke0(Native Method)
at java.base/jdk.internal.reflect.NativeMethodAccessorImpl.invoke(NativeMethodAccessorImpl.java:62)
at java.base/jdk.internal.reflect.DelegatingMethodAccessorImpl.invoke(DelegatingMethodAccessorImpl.java:43)
at java.base/java.lang.reflect.Method.invoke(Method.java:566)
at org.testng.internal.MethodInvocationHelper.invokeMethod(MethodInvocationHelper.java:133)
at org.testng.internal.MethodInvocationHelper.invokeMethodConsideringTimeout(MethodInvocationHelper.java:62)
at org.testng.internal.ConfigInvoker.invokeConfigurationMethod(ConfigInvoker.java:385)
at org.testng.internal.ConfigInvoker.invokeConfigurations(ConfigInvoker.java:321)
at org.testng.TestRunner.invokeTestConfigurations(TestRunner.java:637)
at org.testng.TestRunner.beforeRun(TestRunner.java:627)
at org.testng.TestRunner.run(TestRunner.java:589)
at org.testng.SuiteRunner.runTest(SuiteRunner.java:377)
at org.testng.SuiteRunner.runSequentially(SuiteRunner.java:371)
at org.testng.SuiteRunner.privateRun(SuiteRunner.java:332)
at org.testng.SuiteRunner.run(SuiteRunner.java:276)
at org.testng.SuiteRunnerWorker.runSuite(SuiteRunnerWorker.java:53)
at org.testng.SuiteRunnerWorker.run(SuiteRunnerWorker.java:96)
at org.testng.TestNG.runSuitesSequentially(TestNG.java:1212)
at org.testng.TestNG.runSuitesLocally(TestNG.java:1134)
at org.testng.TestNG.runSuites(TestNG.java:1063)
at org.testng.TestNG.run(TestNG.java:1031)
at org.testng.remote.AbstractRemoteTestNG.run(AbstractRemoteTestNG.java:115)
at org.testng.remote.RemoteTestNG.initAndRun(RemoteTestNG.java:251)
at org.testng.remote.RemoteTestNG.main(RemoteTestNG.java:77)
]]>
    </failure>
  </testcase> <!-- @BeforeTest setUp -->
  <testcase classname="Divipay.Test.login" name="@BeforeMethod setUp" time="-1.657163917046E9">
    <skipped/>
  </testcase> <!-- @BeforeMethod setUp -->
  <testcase classname="Divipay.Test.login" name="@BeforeMethod setUp" time="-1.65716391706E9">
    <skipped/>
  </testcase> <!-- @BeforeMethod setUp -->
  <testcase classname="Divipay.Test.login" name="@BeforeMethod setUp" time="-1.657163917086E9">
    <skipped/>
  </testcase> <!-- @BeforeMethod setUp -->
  <testcase classname="Divipay.Test.login" name="@BeforeMethod setUp" time="-1.657163917098E9">
    <skipped/>
  </testcase> <!-- @BeforeMethod setUp -->
  <testcase classname="Divipay.Test.login" name="@BeforeMethod setUp" time="-1.657163917107E9">
    <skipped/>
  </testcase> <!-- @BeforeMethod setUp -->
  <testcase classname="Divipay.Test.login" name="emptyErrorvalidation" time="0.0">
    <skipped/>
  </testcase> <!-- emptyErrorvalidation -->
  <testcase classname="Divipay.Test.login" name="fieldValidations" time="0.0">
    <skipped/>
  </testcase> <!-- fieldValidations -->
  <testcase classname="Divipay.Test.login" name="invalidPwd" time="0.0">
    <skipped/>
  </testcase> <!-- invalidPwd -->
  <testcase classname="Divipay.Test.login" name="populateFields" time="0.0">
    <skipped/>
  </testcase> <!-- populateFields -->
  <testcase classname="Divipay.Test.login" name="validDetails" time="0.0">
    <skipped/>
  </testcase> <!-- validDetails -->
</testsuite> <!-- Default test -->
