<?xml version="1.0" encoding="UTF-8"?>
<!-- Generated by org.testng.reporters.JUnitXMLReporter -->
<testsuite ignored="0" hostname="192-168-1-102.tpgi.com.au" failures="0" tests="6" name="Test" time="0.195" errors="0" timestamp="2022-07-07T13:15:30 AEST">
  <testcase classname="Divipay.Test.login" name="@BeforeTest setUp" time="0.014">
    <failure type="java.io.FileNotFoundException" message="/Users/sushmitha/eclipse-workspace/Test/src/main/java/resources/data.properties (No such file or directory)">
      <![CDATA[java.io.FileNotFoundException: /Users/sushmitha/eclipse-workspace/Test/src/main/java/resources/data.properties (No such file or directory)
at java.base/java.io.FileInputStream.open0(Native Method)
at java.base/java.io.FileInputStream.open(FileInputStream.java:219)
at java.base/java.io.FileInputStream.<init>(FileInputStream.java:157)
at java.base/java.io.FileInputStream.<init>(FileInputStream.java:112)
at resources.base.initializeDriver(base.java:17)
at Divipay.Test.login.setUp(login.java:28)
... Removed 24 stack frames]]>
    </failure>
  </testcase> <!-- @BeforeTest setUp -->
  <testcase classname="Divipay.Test.login" name="@BeforeMethod setUp" time="-1.657163730552E9">
    <skipped/>
  </testcase> <!-- @BeforeMethod setUp -->
  <testcase classname="Divipay.Test.login" name="@BeforeMethod setUp" time="-1.657163730569E9">
    <skipped/>
  </testcase> <!-- @BeforeMethod setUp -->
  <testcase classname="Divipay.Test.login" name="@BeforeMethod setUp" time="-1.657163730586E9">
    <skipped/>
  </testcase> <!-- @BeforeMethod setUp -->
  <testcase classname="Divipay.Test.login" name="@BeforeMethod setUp" time="-1.657163730604E9">
    <skipped/>
  </testcase> <!-- @BeforeMethod setUp -->
  <testcase classname="Divipay.Test.login" name="@BeforeMethod setUp" time="-1.657163730629E9">
    <skipped/>
  </testcase> <!-- @BeforeMethod setUp -->
  <testcase classname="Divipay.Test.login" name="emptyErrorvalidation" time="0.0">
    <skipped/>
  </testcase> <!-- emptyErrorvalidation -->
  <testcase classname="Divipay.Test.login" name="fieldValidations" time="0.0">
    <skipped/>
  </testcase> <!-- fieldValidations -->
  <testcase classname="Divipay.Test.login" name="invalidPwd" time="0.0">
    <skipped/>
  </testcase> <!-- invalidPwd -->
  <testcase classname="Divipay.Test.login" name="populateFields" time="0.0">
    <skipped/>
  </testcase> <!-- populateFields -->
  <testcase classname="Divipay.Test.login" name="validDetails" time="0.0">
    <skipped/>
  </testcase> <!-- validDetails -->
  <testcase classname="Divipay.Test.AppTest" name="shouldAnswerWithTrue" time="0.006"/>
</testsuite> <!-- Test -->
